<?xml version="1.0" encoding="UTF-8"?>
<testsuite name="desktop.GCDTest" tests="8" skipped="0" failures="0" errors="0" timestamp="2024-02-11T12:40:14" hostname="MacBook-Pro-4.local" time="7.935">
  <properties/>
  <testcase name="testGCDOneGeneralDivider" classname="desktop.GCDTest" time="2.284"/>
  <testcase name="testGCDLimitValues" classname="desktop.GCDTest" time="0.003"/>
  <testcase name="testGCDEqualValues" classname="desktop.GCDTest" time="0.331"/>
  <testcase name="testGCDNegativeValues" classname="desktop.GCDTest" time="2.073"/>
  <testcase name="testGCDZeroValues" classname="desktop.GCDTest" time="0.5"/>
  <testcase name="testGCDPositiveValues" classname="desktop.GCDTest" time="1.963"/>
  <testcase name="testGCDCoprimeValues" classname="desktop.GCDTest" time="0.776"/>
  <testcase name="testGCDOneDividesOther" classname="desktop.GCDTest" time="0.002"/>
  <system-out><![CDATA[]]></system-out>
  <system-err><![CDATA[]]></system-err>
</testsuite>
